<?xml version="1.0" encoding="UTF-8"?>
<testsuite name="com.college.application.ApplicationTests" tests="1" skipped="0" failures="0" errors="0" timestamp="2020-06-14T08:41:39" hostname="MIKOYAN" time="0.293">
  <properties/>
  <testcase name="contextLoads()" classname="com.college.application.ApplicationTests" time="0.293"/>
  <system-out><![CDATA[01:41:34.551 [Test worker] DEBUG org.springframework.test.context.BootstrapUtils - Instantiating CacheAwareContextLoaderDelegate from class [org.springframework.test.context.cache.DefaultCacheAwareContextLoaderDelegate]
01:41:34.575 [Test worker] DEBUG org.springframework.test.context.BootstrapUtils - Instantiating BootstrapContext using constructor [public org.springframework.test.context.support.DefaultBootstrapContext(java.lang.Class,org.springframework.test.context.CacheAwareContextLoaderDelegate)]
01:41:34.617 [Test worker] DEBUG org.springframework.test.context.BootstrapUtils - Instantiating TestContextBootstrapper for test class [com.college.application.ApplicationTests] from class [org.springframework.boot.test.context.SpringBootTestContextBootstrapper]
01:41:34.646 [Test worker] INFO org.springframework.boot.test.context.SpringBootTestContextBootstrapper - Neither @ContextConfiguration nor @ContextHierarchy found for test class [com.college.application.ApplicationTests], using SpringBootContextLoader
01:41:34.653 [Test worker] DEBUG org.springframework.test.context.support.AbstractContextLoader - Did not detect default resource location for test class [com.college.application.ApplicationTests]: class path resource [com/college/application/ApplicationTests-context.xml] does not exist
01:41:34.654 [Test worker] DEBUG org.springframework.test.context.support.AbstractContextLoader - Did not detect default resource location for test class [com.college.application.ApplicationTests]: class path resource [com/college/application/ApplicationTestsContext.groovy] does not exist
01:41:34.654 [Test worker] INFO org.springframework.test.context.support.AbstractContextLoader - Could not detect default resource locations for test class [com.college.application.ApplicationTests]: no resource found for suffixes {-context.xml, Context.groovy}.
01:41:34.655 [Test worker] INFO org.springframework.test.context.support.AnnotationConfigContextLoaderUtils - Could not detect default configuration classes for test class [com.college.application.ApplicationTests]: ApplicationTests does not declare any static, non-private, non-final, nested classes annotated with @Configuration.
01:41:34.725 [Test worker] DEBUG org.springframework.test.context.support.ActiveProfilesUtils - Could not find an 'annotation declaring class' for annotation type [org.springframework.test.context.ActiveProfiles] and class [com.college.application.ApplicationTests]
01:41:34.846 [Test worker] DEBUG org.springframework.context.annotation.ClassPathScanningCandidateComponentProvider - Identified candidate component class: file [C:\Development\BGT\application\build\classes\java\main\com\college\application\Application.class]
01:41:34.849 [Test worker] INFO org.springframework.boot.test.context.SpringBootTestContextBootstrapper - Found @SpringBootConfiguration com.college.application.Application for test class com.college.application.ApplicationTests
01:41:35.036 [Test worker] DEBUG org.springframework.boot.test.context.SpringBootTestContextBootstrapper - @TestExecutionListeners is not present for class [com.college.application.ApplicationTests]: using defaults.
01:41:35.038 [Test worker] INFO org.springframework.boot.test.context.SpringBootTestContextBootstrapper - Loaded default TestExecutionListener class names from location [META-INF/spring.factories]: [org.springframework.boot.test.autoconfigure.restdocs.RestDocsTestExecutionListener, org.springframework.boot.test.autoconfigure.web.client.MockRestServiceServerResetTestExecutionListener, org.springframework.boot.test.autoconfigure.web.servlet.MockMvcPrintOnlyOnFailureTestExecutionListener, org.springframework.boot.test.autoconfigure.web.servlet.WebDriverTestExecutionListener, org.springframework.boot.test.autoconfigure.webservices.client.MockWebServiceServerTestExecutionListener, org.springframework.boot.test.mock.mockito.MockitoTestExecutionListener, org.springframework.boot.test.mock.mockito.ResetMocksTestExecutionListener, org.springframework.test.context.web.ServletTestExecutionListener, org.springframework.test.context.support.DirtiesContextBeforeModesTestExecutionListener, org.springframework.test.context.support.DependencyInjectionTestExecutionListener, org.springframework.test.context.support.DirtiesContextTestExecutionListener, org.springframework.test.context.transaction.TransactionalTestExecutionListener, org.springframework.test.context.jdbc.SqlScriptsTestExecutionListener, org.springframework.test.context.event.EventPublishingTestExecutionListener]
01:41:35.060 [Test worker] DEBUG org.springframework.boot.test.context.SpringBootTestContextBootstrapper - Skipping candidate TestExecutionListener [org.springframework.test.context.transaction.TransactionalTestExecutionListener] due to a missing dependency. Specify custom listener classes or make the default listener classes and their required dependencies available. Offending class: [org/springframework/transaction/interceptor/TransactionAttributeSource]
01:41:35.061 [Test worker] DEBUG org.springframework.boot.test.context.SpringBootTestContextBootstrapper - Skipping candidate TestExecutionListener [org.springframework.test.context.jdbc.SqlScriptsTestExecutionListener] due to a missing dependency. Specify custom listener classes or make the default listener classes and their required dependencies available. Offending class: [org/springframework/transaction/interceptor/TransactionAttribute]
01:41:35.062 [Test worker] INFO org.springframework.boot.test.context.SpringBootTestContextBootstrapper - Using TestExecutionListeners: [org.springframework.test.context.web.ServletTestExecutionListener@2cf38479, org.springframework.test.context.support.DirtiesContextBeforeModesTestExecutionListener@3d9571a9, org.springframework.boot.test.mock.mockito.MockitoTestExecutionListener@7648d05e, org.springframework.boot.test.autoconfigure.SpringBootDependencyInjectionTestExecutionListener@1fa34e88, org.springframework.test.context.support.DirtiesContextTestExecutionListener@2fc3c149, org.springframework.test.context.event.EventPublishingTestExecutionListener@394de521, org.springframework.boot.test.autoconfigure.restdocs.RestDocsTestExecutionListener@9371876, org.springframework.boot.test.autoconfigure.web.client.MockRestServiceServerResetTestExecutionListener@c65c0d6, org.springframework.boot.test.autoconfigure.web.servlet.MockMvcPrintOnlyOnFailureTestExecutionListener@3d9d919a, org.springframework.boot.test.autoconfigure.web.servlet.WebDriverTestExecutionListener@6b2f0fe5, org.springframework.boot.test.autoconfigure.webservices.client.MockWebServiceServerTestExecutionListener@5a6a5e5e, org.springframework.boot.test.mock.mockito.ResetMocksTestExecutionListener@78ab56b5]
01:41:35.070 [Test worker] DEBUG org.springframework.test.context.support.AbstractDirtiesContextTestExecutionListener - Before test class: context [DefaultTestContext@345c05b9 testClass = ApplicationTests, testInstance = [null], testMethod = [null], testException = [null], mergedContextConfiguration = [WebMergedContextConfiguration@48257137 testClass = ApplicationTests, locations = '{}', classes = '{class com.college.application.Application}', contextInitializerClasses = '[]', activeProfiles = '{}', propertySourceLocations = '{}', propertySourceProperties = '{org.springframework.boot.test.context.SpringBootTestContextBootstrapper=true}', contextCustomizers = set[org.springframework.boot.test.autoconfigure.properties.PropertyMappingContextCustomizer@0, org.springframework.boot.test.autoconfigure.web.servlet.WebDriverContextCustomizerFactory$Customizer@403ef3ee, org.springframework.boot.test.context.filter.ExcludeFilterContextCustomizer@38e8b0e8, org.springframework.boot.test.json.DuplicateJsonObjectContextCustomizerFactory$DuplicateJsonObjectContextCustomizer@753c6a17, org.springframework.boot.test.mock.mockito.MockitoContextCustomizer@0, org.springframework.boot.test.web.client.TestRestTemplateContextCustomizer@1fbce50d, org.springframework.boot.test.context.SpringBootTestArgs@1], resourceBasePath = 'src/main/webapp', contextLoader = 'org.springframework.boot.test.context.SpringBootContextLoader', parent = [null]], attributes = map['org.springframework.test.context.web.ServletTestExecutionListener.activateListener' -> true]], class annotated with @DirtiesContext [false] with mode [null].
01:41:35.114 [Test worker] DEBUG org.springframework.test.context.support.TestPropertySourceUtils - Adding inlined properties to environment: {spring.jmx.enabled=false, org.springframework.boot.test.context.SpringBootTestContextBootstrapper=true}

  .   ____          _            __ _ _
 /\\ / ___'_ __ _ _(_)_ __  __ _ \ \ \ \
( ( )\___ | '_ | '_| | '_ \/ _` | \ \ \ \
 \\/  ___)| |_)| | | | | || (_| |  ) ) ) )
  '  |____| .__|_| |_|_| |_\__, | / / / /
 =========|_|==============|___/=/_/_/_/
 :: Spring Boot ::        (v2.3.1.RELEASE)

2020-06-14 01:41:35.527  INFO 6584 --- [    Test worker] c.college.application.ApplicationTests   : Starting ApplicationTests on mikoyan with PID 6584 (started by ssanapureddy in C:\Development\BGT\application)
2020-06-14 01:41:35.532  INFO 6584 --- [    Test worker] c.college.application.ApplicationTests   : No active profile set, falling back to default profiles: default
2020-06-14 01:41:37.156 ERROR 6584 --- [    Test worker] o.a.catalina.core.AprLifecycleListener   : An incompatible version [1.2.7] of the Apache Tomcat Native library is installed, while Tomcat requires version [1.2.14]
2020-06-14 01:41:37.998  INFO 6584 --- [    Test worker] o.s.s.concurrent.ThreadPoolTaskExecutor  : Initializing ExecutorService 'applicationTaskExecutor'
2020-06-14 01:41:38.919  INFO 6584 --- [    Test worker] o.s.b.a.e.web.EndpointLinksResolver      : Exposing 2 endpoint(s) beneath base path '/actuator'
2020-06-14 01:41:39.026  INFO 6584 --- [    Test worker] c.college.application.ApplicationTests   : Started ApplicationTests in 3.897 seconds (JVM running for 5.738)
]]></system-out>
  <system-err><![CDATA[]]></system-err>
</testsuite>
